	<current_observation>
		<credit>Weather Underground NOAA Weather Station</credit>
		<credit_URL>http://wunderground.com/</credit_URL>
<termsofservice link="http://www.wunderground.com/weather/api/d/terms.html">This feed will be deprecated. Please switch to http://www.wunderground.com/weather/api/</termsofservice>
		<image>
		<url>http://icons.wxug.com/graphics/wu2/logo_130x80.png</url>
		<title>Weather Underground</title>
		<link>http://wunderground.com/</link>
		</image>
  <display_location>
  <full>Fairfield, ME</full>
  <city>Fairfield</city>
  <state>ME</state>
  <state_name>Maine</state_name>
  <country>US</country>
  <country_iso3166>US</country_iso3166>
  <zip>04937</zip>
  <latitude>44.59000015</latitude>
  <longitude>-69.61000061</longitude>
  <elevation>49.4 ft</elevation>
  </display_location>
		<observation_location>
		<full>Waterville, Maine</full>
		<city>Waterville</city>
		<state>Maine</state>
		<country>US</country>
		<country_iso3166>US</country_iso3166>
		<latitude>44.52999878</latitude>
		<longitude>-69.68000031</longitude>
		<elevation>331 ft</elevation>
		</observation_location>
		<station_id>KWVL</station_id>
		<observation_time>Last Updated on March 3, 11:03 AM EST</observation_time>
		<observation_time_rfc822>Sun, 03 Mar 2019 16:03:00 GMT</observation_time_rfc822>
		<observation_epoch>1551628980</observation_epoch>
		<local_time>March 3, 11:53 AM EST</local_time>
		<local_time_rfc822>Sun, 03 Mar 2019 16:53:22 GMT</local_time_rfc822>
		<local_epoch>1551632002</local_epoch>
		<weather>Scattered Clouds</weather>
		<temperature_string>34 F (1 C)</temperature_string>
		<temp_f>34</temp_f>
		<temp_c>1</temp_c>
		<relative_humidity>56%</relative_humidity>
		<wind_string>Calm</wind_string>
		<wind_dir>North</wind_dir>
		<wind_degrees>0</wind_degrees>
		<wind_mph>0</wind_mph>
		<wind_gust_mph></wind_gust_mph>
		<pressure_string>30.05 in (1018 mb)</pressure_string>
		<pressure_mb>1018</pressure_mb>
		<pressure_in>30.05</pressure_in>
		<dewpoint_string>19 F (-7 C)</dewpoint_string>
		<dewpoint_f>19</dewpoint_f>
		<dewpoint_c>-7</dewpoint_c>
		
		<heat_index_string>NA</heat_index_string>
		<heat_index_f>NA</heat_index_f>
		<heat_index_c>NA</heat_index_c>
		
		
		<windchill_string>NA</windchill_string>
		<windchill_f>NA</windchill_f>
		<windchill_c>NA</windchill_c>
		
		<visibility_mi>10.0</visibility_mi>
		<visibility_km>16.1</visibility_km>
		<icons>
			<icon_set name="Default">
				<icon_url>http://icons.wxug.com/i/c/a/partlycloudy.gif</icon_url>
			</icon_set>
			<icon_set name="Smiley">
				<icon_url>http://icons.wxug.com/i/c/b/partlycloudy.gif</icon_url>
			</icon_set>
			<icon_set name="Generic">
				<icon_url>http://icons.wxug.com/i/c/c/partlycloudy.gif</icon_url>
			</icon_set>
			<icon_set name="Old School">
				<icon_url>http://icons.wxug.com/i/c/d/partlycloudy.gif</icon_url>
			</icon_set>
			<icon_set name="Cartoon">
				<icon_url>http://icons.wxug.com/i/c/e/partlycloudy.gif</icon_url>
			</icon_set>
			<icon_set name="Mobile">
				<icon_url>http://icons.wxug.com/i/c/f/partlycloudy.gif</icon_url>
			</icon_set>
			<icon_set name="Simple">
				<icon_url>http://icons.wxug.com/i/c/g/partlycloudy.gif</icon_url>
			</icon_set>
			<icon_set name="Contemporary">
				<icon_url>http://icons.wxug.com/i/c/h/partlycloudy.gif</icon_url>
			</icon_set>
			<icon_set name="Helen">
				<icon_url>http://icons.wxug.com/i/c/i/partlycloudy.gif</icon_url>
			</icon_set>
			<icon_set name="Incredible">
				<icon_url>http://icons.wxug.com/i/c/k/partlycloudy.gif</icon_url>
			</icon_set>
		</icons>
		<icon_url_base>http://icons.wxug.com/graphics/conds/</icon_url_base>
		<icon_url_name>.GIF</icon_url_name>
		<icon>partlycloudy</icon>
		<forecast_url>http://www.wunderground.com/US/ME/Fairfield.html</forecast_url>
		<history_url>http://www.wunderground.com/history/airport/KWVL/2019/3/3/DailyHistory.html</history_url>
		<ob_url>http://www.wunderground.com/cgi-bin/findweather/getForecast?query=44.52999878,-69.68000031</ob_url>
	</current_observation>
